#-----------------------------------------------------------
# Vivado v2020.2 (64-bit)
# SW Build 3064766 on Wed Nov 18 09:12:45 MST 2020
# IP Build 3064653 on Wed Nov 18 14:17:31 MST 2020
# Start of session at: Fri May  9 09:15:10 2025
# Process ID: 5044
# Current directory: C:/work/CPU Design and Verification/250508_RISC_V_APB
# Command line: vivado.exe -gui_launcher_event rodinguilauncherevent20176 C:\work\CPU Design and Verification\250508_RISC_V_APB\250508_RISC_V_APB.xpr
# Log file: C:/work/CPU Design and Verification/250508_RISC_V_APB/vivado.log
# Journal file: C:/work/CPU Design and Verification/250508_RISC_V_APB\vivado.jou
#-----------------------------------------------------------
start_gui
open_project {C:/work/CPU Design and Verification/250508_RISC_V_APB/250508_RISC_V_APB.xpr}
WARNING: [filemgmt 56-3] Default IP Output Path : Could not find the directory 'C:/work/CPU Design and Verification/250508_RISC_V_APB/250508_RISC_V_APB.gen/sources_1'.
Scanning sources...
Finished scanning sources
INFO: [IP_Flow 19-234] Refreshing IP repositories
INFO: [IP_Flow 19-1704] No user IP repositories specified
INFO: [IP_Flow 19-2313] Loaded Vivado IP repository 'C:/Xilinx/Vivado/2020.2/data/ip'.
open_project: Time (s): cpu = 00:00:08 ; elapsed = 00:00:06 . Memory (MB): peak = 1085.063 ; gain = 0.000
update_compile_order -fileset sources_1
exit
INFO: [Common 17-206] Exiting Vivado at Fri May  9 10:54:11 2025...
